<?xml version="1.0" encoding="UTF-8"?>
<testsuite name="service.ConferenceManagementServiceTest" tests="4" skipped="0" failures="0" errors="0" timestamp="2023-02-23T12:28:27" hostname="杨泽宇的电脑" time="0.027">
  <properties/>
  <testcase name="shouldReturnTalkListIfInputNormalPath()" classname="service.ConferenceManagementServiceTest" time="0.02"/>
  <testcase name="shouldReturnNullIfInputErrorpathTest()" classname="service.ConferenceManagementServiceTest" time="0.001"/>
  <testcase name="shouldRetrunNullIfInputErrorParameter()" classname="service.ConferenceManagementServiceTest" time="0.001"/>
  <testcase name="shouldReturnCacheIfNormalInputCauseTest()" classname="service.ConferenceManagementServiceTest" time="0.003"/>
  <system-out><![CDATA[]]></system-out>
  <system-err><![CDATA[]]></system-err>
</testsuite>
