<?xml version="1.0" encoding="UTF-8"?>
<testsuite name="service.ConferenceManagementServiceTest" tests="9" skipped="0" failures="0" errors="0" timestamp="2023-02-24T04:42:15" hostname="杨泽宇的电脑" time="0.032">
  <properties/>
  <testcase name="shouldReverseIfInputReverseTest()" classname="service.ConferenceManagementServiceTest" time="0.023"/>
  <testcase name="shouldRetrunNewTalkListIfInputErrorTalkListOrErrorTimeOrErrorCacheTest()" classname="service.ConferenceManagementServiceTest" time="0.001"/>
  <testcase name="shouldReturnTrackButTalkListInTheAfternoonIsNullIfAfternoonsessionIsnulltTest()" classname="service.ConferenceManagementServiceTest" time="0.001"/>
  <testcase name="shouldReturnCacheIfNormalInputNormalTalkListTest()" classname="service.ConferenceManagementServiceTest" time="0.001"/>
  <testcase name="shouldRetrunNewSessionIfInputErrorCacheTest()" classname="service.ConferenceManagementServiceTest" time="0.001"/>
  <testcase name="shouldRetrunNewTrackIfInputErrorSessionTest()" classname="service.ConferenceManagementServiceTest" time="0.001"/>
  <testcase name="shouldRetrunTrackIfInputNormalSessionTest()" classname="service.ConferenceManagementServiceTest" time="0.001"/>
  <testcase name="shouldRetrunNewTrackIfInputNullTest()" classname="service.ConferenceManagementServiceTest" time="0.0"/>
  <testcase name="shouldRetrunSessionIfInputNormalCacheTest()" classname="service.ConferenceManagementServiceTest" time="0.001"/>
  <system-out><![CDATA[]]></system-out>
  <system-err><![CDATA[]]></system-err>
</testsuite>
